<?xml version="1.0" encoding="UTF-8"?>
<!-- Generated by org.testng.reporters.JUnitXMLReporter -->
<testsuite ignored="0" hostname="Ajay" failures="0" tests="3" name="Default test" time="35.781" errors="0" timestamp="2021-08-27T18:25:29 IST">
  <testcase classname="com.vtiger.leadtest.createlead.CreatNewLeadTest" name="CreatLeadDiffLeadSrcTest" time="10.049"/>
  <testcase classname="com.vtiger.leadtest.createlead.CreatNewLeadTest" name="creatLeadLeavingMandatoryFieldTest" time="5.027"/>
  <testcase classname="com.vtiger.leadtest.createlead.CreatNewLeadTest" name="createLeadAllFieldBlankTest" time="5.081"/>
</testsuite> <!-- Default test -->
