<?xml version="1.0" encoding="UTF-8"?>
<!-- Generated by org.testng.reporters.JUnitXMLReporter -->
<testsuite ignored="0" hostname="Ajay" failures="0" tests="3" name="testRunner-1" time="103.77" errors="0" timestamp="2021-08-24T16:54:57 IST">
  <testcase classname="com.vtiger.leadtest.createlead.CreatNewLead" name="CreatLeadDiffLeadSrcTest" time="31.507"/>
  <testcase classname="com.vtiger.leadtest.createlead.CreatNewLead" name="creatLeadLeavingMandatoryFieldTest" time="9.689"/>
  <testcase classname="com.vtiger.leadtest.createlead.CreatNewLead" name="createLeadAllFieldBlankTest" time="8.196"/>
</testsuite> <!-- testRunner-1 -->
