<?xml version="1.0" encoding="UTF-8"?>
<!-- Generated by org.testng.reporters.JUnitXMLReporter -->
<testsuite ignored="0" hostname="Ajay" failures="0" tests="3" name="testRunner-2" time="103.709" errors="0" timestamp="2021-08-24T16:54:57 IST">
  <testcase classname="com.vtiger.leadtest.createlead.CreatNewLead2" name="CreatLeadDiffLeadSrcTest" time="31.656"/>
  <testcase classname="com.vtiger.leadtest.createlead.CreatNewLead2" name="creatLeadLeavingMandatoryFieldTest" time="9.129"/>
  <testcase classname="com.vtiger.leadtest.createlead.CreatNewLead2" name="createLeadAllFieldBlankTest" time="7.441"/>
</testsuite> <!-- testRunner-2 -->
