<?xml version="1.0" encoding="UTF-8"?>
<!-- Generated by org.testng.reporters.JUnitXMLReporter -->
<testsuite ignored="0" hostname="Ajay" failures="0" tests="3" name="Test Runner-Chrome" time="56.733" errors="0" timestamp="2021-08-24T18:11:29 IST">
  <testcase classname="com.vtiger.leadtest.createlead.CreatNewLead" name="CreatLeadDiffLeadSrcTest" time="10.719"/>
  <testcase classname="com.vtiger.leadtest.createlead.CreatNewLead" name="creatLeadLeavingMandatoryFieldTest" time="7.734"/>
  <testcase classname="com.vtiger.leadtest.createlead.CreatNewLead" name="createLeadAllFieldBlankTest" time="8.305"/>
</testsuite> <!-- Test Runner-Chrome -->
